[INFO  - 2021-07-13T15:09:57.576Z] GhostDriver - Main - running on port 56057
[INFO  - 2021-07-13T15:10:01.562Z] Session [65424140-e3ec-11eb-ad87-c3f216c7832f] - page.settings - {"XSSAuditingEnabled":false,"javascriptCanCloseWindows":true,"javascriptCanOpenWindows":true,"javascriptEnabled":true,"loadImages":true,"localToRemoteUrlAccessEnabled":false,"userAgent":"Mozilla/5.0 (X11; Linux x86_64) AppleWebKit/53 (KHTML, like Gecko) Chrome/15.0.87","webSecurityEnabled":true}
[INFO  - 2021-07-13T15:10:01.563Z] Session [65424140-e3ec-11eb-ad87-c3f216c7832f] - page.customHeaders:  - {}
[INFO  - 2021-07-13T15:10:01.563Z] Session [65424140-e3ec-11eb-ad87-c3f216c7832f] - Session.negotiatedCapabilities - {"browserName":"phantomjs","version":"2.1.1","driverName":"ghostdriver","driverVersion":"1.2.0","platform":"windows-10-32bit","javascriptEnabled":true,"takesScreenshot":true,"handlesAlerts":false,"databaseEnabled":false,"locationContextEnabled":false,"applicationCacheEnabled":false,"browserConnectionEnabled":false,"cssSelectorsEnabled":true,"webStorageEnabled":false,"rotatable":false,"acceptSslCerts":false,"nativeEvents":true,"proxy":{"proxyType":"direct"},"phantomjs.page.settings.userAgent":"Mozilla/5.0 (X11; Linux x86_64) AppleWebKit/53 (KHTML, like Gecko) Chrome/15.0.87"}
[INFO  - 2021-07-13T15:10:01.563Z] SessionManagerReqHand - _postNewSessionCommand - New Session Created: 65424140-e3ec-11eb-ad87-c3f216c7832f
[ERROR - 2021-07-13T15:10:01.570Z] RouterReqHand - _handle.error - {"name":"Missing Command Parameter","message":"{\"headers\":{\"Accept\":\"application/json\",\"Accept-Encoding\":\"identity\",\"Content-Length\":\"72\",\"Content-Type\":\"application/json;charset=UTF-8\",\"Host\":\"127.0.0.1:56057\",\"User-Agent\":\"selenium/3.141.0 (python windows)\"},\"httpVersion\":\"1.1\",\"method\":\"POST\",\"post\":\"{\\\"pageLoad\\\": 10000, \\\"sessionId\\\": \\\"65424140-e3ec-11eb-ad87-c3f216c7832f\\\"}\",\"url\":\"/timeouts\",\"urlParsed\":{\"anchor\":\"\",\"query\":\"\",\"file\":\"timeouts\",\"directory\":\"/\",\"path\":\"/timeouts\",\"relative\":\"/timeouts\",\"port\":\"\",\"host\":\"\",\"password\":\"\",\"user\":\"\",\"userInfo\":\"\",\"authority\":\"\",\"protocol\":\"\",\"source\":\"/timeouts\",\"queryKey\":{},\"chunks\":[\"timeouts\"]},\"urlOriginal\":\"/session/65424140-e3ec-11eb-ad87-c3f216c7832f/timeouts\"}","line":546,"sourceURL":"phantomjs://code/session_request_handler.js","stack":"_postTimeout@phantomjs://code/session_request_handler.js:546:73\n_handle@phantomjs://code/session_request_handler.js:148:25\n_reroute@phantomjs://code/request_handler.js:61:20\n_handle@phantomjs://code/router_request_handler.js:78:46"}

  phantomjs://platform/console++.js:263 in error
[ERROR - 2021-07-13T15:10:07.690Z] WebElementLocator - _handleLocateCommand - Element(s) NOT Found: GAVE UP. Search Stop Time: 1626189007636

  phantomjs://platform/console++.js:263 in error
[ERROR - 2021-07-13T15:10:09.866Z] WebElementLocator - _handleLocateCommand - Element(s) NOT Found: GAVE UP. Search Stop Time: 1626189009814

  phantomjs://platform/console++.js:263 in error
[ERROR - 2021-07-13T15:10:10.843Z] WebElementLocator - _handleLocateCommand - Element(s) NOT Found: GAVE UP. Search Stop Time: 1626189010825

  phantomjs://platform/console++.js:263 in error
[ERROR - 2021-07-13T15:10:11.539Z] WebElementLocator - _handleLocateCommand - Element(s) NOT Found: GAVE UP. Search Stop Time: 1626189011469

  phantomjs://platform/console++.js:263 in error
[ERROR - 2021-07-13T15:10:12.128Z] WebElementLocator - _handleLocateCommand - Element(s) NOT Found: GAVE UP. Search Stop Time: 1626189012127

  phantomjs://platform/console++.js:263 in error
[ERROR - 2021-07-13T15:10:12.758Z] WebElementLocator - _handleLocateCommand - Element(s) NOT Found: GAVE UP. Search Stop Time: 1626189012731

  phantomjs://platform/console++.js:263 in error
[ERROR - 2021-07-13T15:10:13.732Z] WebElementLocator - _handleLocateCommand - Element(s) NOT Found: GAVE UP. Search Stop Time: 1626189013457

  phantomjs://platform/console++.js:263 in error
[ERROR - 2021-07-13T15:10:14.138Z] WebElementLocator - _handleLocateCommand - Element(s) NOT Found: GAVE UP. Search Stop Time: 1626189014133

  phantomjs://platform/console++.js:263 in error
[ERROR - 2021-07-13T15:10:14.820Z] WebElementLocator - _handleLocateCommand - Element(s) NOT Found: GAVE UP. Search Stop Time: 1626189014813

  phantomjs://platform/console++.js:263 in error
[ERROR - 2021-07-13T15:10:15.483Z] WebElementLocator - _handleLocateCommand - Element(s) NOT Found: GAVE UP. Search Stop Time: 1626189015440

  phantomjs://platform/console++.js:263 in error
[ERROR - 2021-07-13T15:10:16.148Z] WebElementLocator - _handleLocateCommand - Element(s) NOT Found: GAVE UP. Search Stop Time: 1626189016147

  phantomjs://platform/console++.js:263 in error
[ERROR - 2021-07-13T15:10:16.891Z] WebElementLocator - _handleLocateCommand - Element(s) NOT Found: GAVE UP. Search Stop Time: 1626189016881

  phantomjs://platform/console++.js:263 in error
[ERROR - 2021-07-13T15:10:17.700Z] WebElementLocator - _handleLocateCommand - Element(s) NOT Found: GAVE UP. Search Stop Time: 1626189017577

  phantomjs://platform/console++.js:263 in error
[ERROR - 2021-07-13T15:10:18.169Z] WebElementLocator - _handleLocateCommand - Element(s) NOT Found: GAVE UP. Search Stop Time: 1626189018135

  phantomjs://platform/console++.js:263 in error
[ERROR - 2021-07-13T15:10:18.861Z] WebElementLocator - _handleLocateCommand - Element(s) NOT Found: GAVE UP. Search Stop Time: 1626189018820

  phantomjs://platform/console++.js:263 in error
[ERROR - 2021-07-13T15:10:19.595Z] WebElementLocator - _handleLocateCommand - Element(s) NOT Found: GAVE UP. Search Stop Time: 1626189019531

  phantomjs://platform/console++.js:263 in error
[ERROR - 2021-07-13T15:10:20.086Z] WebElementLocator - _handleLocateCommand - Element(s) NOT Found: GAVE UP. Search Stop Time: 1626189020085

  phantomjs://platform/console++.js:263 in error
[ERROR - 2021-07-13T15:10:20.913Z] WebElementLocator - _handleLocateCommand - Element(s) NOT Found: GAVE UP. Search Stop Time: 1626189020898

  phantomjs://platform/console++.js:263 in error
[ERROR - 2021-07-13T15:10:21.544Z] WebElementLocator - _handleLocateCommand - Element(s) NOT Found: GAVE UP. Search Stop Time: 1626189021397

  phantomjs://platform/console++.js:263 in error
[ERROR - 2021-07-13T15:10:22.231Z] WebElementLocator - _handleLocateCommand - Element(s) NOT Found: GAVE UP. Search Stop Time: 1626189022212

  phantomjs://platform/console++.js:263 in error
[ERROR - 2021-07-13T15:10:22.788Z] WebElementLocator - _handleLocateCommand - Element(s) NOT Found: GAVE UP. Search Stop Time: 1626189022764

  phantomjs://platform/console++.js:263 in error
[ERROR - 2021-07-13T15:10:23.361Z] WebElementLocator - _handleLocateCommand - Element(s) NOT Found: GAVE UP. Search Stop Time: 1626189023335

  phantomjs://platform/console++.js:263 in error
[ERROR - 2021-07-13T15:10:23.812Z] WebElementLocator - _handleLocateCommand - Element(s) NOT Found: GAVE UP. Search Stop Time: 1626189023798

  phantomjs://platform/console++.js:263 in error
[ERROR - 2021-07-13T15:10:24.504Z] WebElementLocator - _handleLocateCommand - Element(s) NOT Found: GAVE UP. Search Stop Time: 1626189024463

  phantomjs://platform/console++.js:263 in error
[ERROR - 2021-07-13T15:10:25.269Z] WebElementLocator - _handleLocateCommand - Element(s) NOT Found: GAVE UP. Search Stop Time: 1626189025203

  phantomjs://platform/console++.js:263 in error
[ERROR - 2021-07-13T15:10:25.722Z] WebElementLocator - _handleLocateCommand - Element(s) NOT Found: GAVE UP. Search Stop Time: 1626189025660

  phantomjs://platform/console++.js:263 in error
[ERROR - 2021-07-13T15:10:26.459Z] WebElementLocator - _handleLocateCommand - Element(s) NOT Found: GAVE UP. Search Stop Time: 1626189026394

  phantomjs://platform/console++.js:263 in error
[ERROR - 2021-07-13T15:10:27.068Z] WebElementLocator - _handleLocateCommand - Element(s) NOT Found: GAVE UP. Search Stop Time: 1626189027067

  phantomjs://platform/console++.js:263 in error
[ERROR - 2021-07-13T15:10:27.666Z] WebElementLocator - _handleLocateCommand - Element(s) NOT Found: GAVE UP. Search Stop Time: 1626189027623

  phantomjs://platform/console++.js:263 in error
[ERROR - 2021-07-13T15:10:28.257Z] WebElementLocator - _handleLocateCommand - Element(s) NOT Found: GAVE UP. Search Stop Time: 1626189028246

  phantomjs://platform/console++.js:263 in error
[ERROR - 2021-07-13T15:10:28.920Z] WebElementLocator - _handleLocateCommand - Element(s) NOT Found: GAVE UP. Search Stop Time: 1626189028827

  phantomjs://platform/console++.js:263 in error
[ERROR - 2021-07-13T15:10:29.466Z] WebElementLocator - _handleLocateCommand - Element(s) NOT Found: GAVE UP. Search Stop Time: 1626189029462

  phantomjs://platform/console++.js:263 in error
[ERROR - 2021-07-13T15:10:29.976Z] WebElementLocator - _handleLocateCommand - Element(s) NOT Found: GAVE UP. Search Stop Time: 1626189029916

  phantomjs://platform/console++.js:263 in error
[ERROR - 2021-07-13T15:10:30.625Z] WebElementLocator - _handleLocateCommand - Element(s) NOT Found: GAVE UP. Search Stop Time: 1626189030558

  phantomjs://platform/console++.js:263 in error
[ERROR - 2021-07-13T15:10:31.139Z] WebElementLocator - _handleLocateCommand - Element(s) NOT Found: GAVE UP. Search Stop Time: 1626189031111

  phantomjs://platform/console++.js:263 in error
[ERROR - 2021-07-13T15:10:31.664Z] WebElementLocator - _handleLocateCommand - Element(s) NOT Found: GAVE UP. Search Stop Time: 1626189031589

  phantomjs://platform/console++.js:263 in error
[ERROR - 2021-07-13T15:10:32.335Z] WebElementLocator - _handleLocateCommand - Element(s) NOT Found: GAVE UP. Search Stop Time: 1626189032230

  phantomjs://platform/console++.js:263 in error
[ERROR - 2021-07-13T15:10:32.768Z] WebElementLocator - _handleLocateCommand - Element(s) NOT Found: GAVE UP. Search Stop Time: 1626189032745

  phantomjs://platform/console++.js:263 in error
[ERROR - 2021-07-13T15:10:33.322Z] WebElementLocator - _handleLocateCommand - Element(s) NOT Found: GAVE UP. Search Stop Time: 1626189033306

  phantomjs://platform/console++.js:263 in error
[ERROR - 2021-07-13T15:10:33.915Z] WebElementLocator - _handleLocateCommand - Element(s) NOT Found: GAVE UP. Search Stop Time: 1626189033898

  phantomjs://platform/console++.js:263 in error
[ERROR - 2021-07-13T15:10:34.539Z] WebElementLocator - _handleLocateCommand - Element(s) NOT Found: GAVE UP. Search Stop Time: 1626189034526

  phantomjs://platform/console++.js:263 in error
[ERROR - 2021-07-13T15:10:35.265Z] WebElementLocator - _handleLocateCommand - Element(s) NOT Found: GAVE UP. Search Stop Time: 1626189035258

  phantomjs://platform/console++.js:263 in error
[ERROR - 2021-07-13T15:10:36.146Z] WebElementLocator - _handleLocateCommand - Element(s) NOT Found: GAVE UP. Search Stop Time: 1626189035961

  phantomjs://platform/console++.js:263 in error
[ERROR - 2021-07-13T15:10:36.553Z] WebElementLocator - _handleLocateCommand - Element(s) NOT Found: GAVE UP. Search Stop Time: 1626189036545

  phantomjs://platform/console++.js:263 in error
[ERROR - 2021-07-13T15:10:37.245Z] WebElementLocator - _handleLocateCommand - Element(s) NOT Found: GAVE UP. Search Stop Time: 1626189037216

  phantomjs://platform/console++.js:263 in error
[ERROR - 2021-07-13T15:10:37.938Z] WebElementLocator - _handleLocateCommand - Element(s) NOT Found: GAVE UP. Search Stop Time: 1626189037925

  phantomjs://platform/console++.js:263 in error
[ERROR - 2021-07-13T15:10:38.623Z] WebElementLocator - _handleLocateCommand - Element(s) NOT Found: GAVE UP. Search Stop Time: 1626189038553

  phantomjs://platform/console++.js:263 in error
[ERROR - 2021-07-13T15:10:39.341Z] WebElementLocator - _handleLocateCommand - Element(s) NOT Found: GAVE UP. Search Stop Time: 1626189039293

  phantomjs://platform/console++.js:263 in error
[ERROR - 2021-07-13T15:10:39.994Z] WebElementLocator - _handleLocateCommand - Element(s) NOT Found: GAVE UP. Search Stop Time: 1626189039868

  phantomjs://platform/console++.js:263 in error
[ERROR - 2021-07-13T15:10:40.430Z] WebElementLocator - _handleLocateCommand - Element(s) NOT Found: GAVE UP. Search Stop Time: 1626189040417

  phantomjs://platform/console++.js:263 in error
[ERROR - 2021-07-13T15:10:41.047Z] WebElementLocator - _handleLocateCommand - Element(s) NOT Found: GAVE UP. Search Stop Time: 1626189041031

  phantomjs://platform/console++.js:263 in error
[ERROR - 2021-07-13T15:10:41.685Z] WebElementLocator - _handleLocateCommand - Element(s) NOT Found: GAVE UP. Search Stop Time: 1626189041616

  phantomjs://platform/console++.js:263 in error
[ERROR - 2021-07-13T15:10:42.409Z] WebElementLocator - _handleLocateCommand - Element(s) NOT Found: GAVE UP. Search Stop Time: 1626189042382

  phantomjs://platform/console++.js:263 in error
[ERROR - 2021-07-13T15:10:43.093Z] WebElementLocator - _handleLocateCommand - Element(s) NOT Found: GAVE UP. Search Stop Time: 1626189043041

  phantomjs://platform/console++.js:263 in error
[ERROR - 2021-07-13T15:10:43.765Z] WebElementLocator - _handleLocateCommand - Element(s) NOT Found: GAVE UP. Search Stop Time: 1626189043676

  phantomjs://platform/console++.js:263 in error
[ERROR - 2021-07-13T15:10:44.161Z] WebElementLocator - _handleLocateCommand - Element(s) NOT Found: GAVE UP. Search Stop Time: 1626189044145

  phantomjs://platform/console++.js:263 in error
[ERROR - 2021-07-13T15:10:44.823Z] WebElementLocator - _handleLocateCommand - Element(s) NOT Found: GAVE UP. Search Stop Time: 1626189044761

  phantomjs://platform/console++.js:263 in error
[ERROR - 2021-07-13T15:10:45.485Z] WebElementLocator - _handleLocateCommand - Element(s) NOT Found: GAVE UP. Search Stop Time: 1626189045433

  phantomjs://platform/console++.js:263 in error
[ERROR - 2021-07-13T15:10:46.163Z] WebElementLocator - _handleLocateCommand - Element(s) NOT Found: GAVE UP. Search Stop Time: 1626189046097

  phantomjs://platform/console++.js:263 in error
[ERROR - 2021-07-13T15:10:46.749Z] WebElementLocator - _handleLocateCommand - Element(s) NOT Found: GAVE UP. Search Stop Time: 1626189046736

  phantomjs://platform/console++.js:263 in error
[ERROR - 2021-07-13T15:10:47.391Z] WebElementLocator - _handleLocateCommand - Element(s) NOT Found: GAVE UP. Search Stop Time: 1626189047321

  phantomjs://platform/console++.js:263 in error
[ERROR - 2021-07-13T15:10:47.820Z] WebElementLocator - _handleLocateCommand - Element(s) NOT Found: GAVE UP. Search Stop Time: 1626189047760

  phantomjs://platform/console++.js:263 in error
[ERROR - 2021-07-13T15:10:48.413Z] WebElementLocator - _handleLocateCommand - Element(s) NOT Found: GAVE UP. Search Stop Time: 1626189048394

  phantomjs://platform/console++.js:263 in error
[ERROR - 2021-07-13T15:10:48.963Z] WebElementLocator - _handleLocateCommand - Element(s) NOT Found: GAVE UP. Search Stop Time: 1626189048957

  phantomjs://platform/console++.js:263 in error
[ERROR - 2021-07-13T15:10:49.561Z] WebElementLocator - _handleLocateCommand - Element(s) NOT Found: GAVE UP. Search Stop Time: 1626189049517

  phantomjs://platform/console++.js:263 in error
[ERROR - 2021-07-13T15:10:50.211Z] WebElementLocator - _handleLocateCommand - Element(s) NOT Found: GAVE UP. Search Stop Time: 1626189050149

  phantomjs://platform/console++.js:263 in error
[ERROR - 2021-07-13T15:10:50.924Z] WebElementLocator - _handleLocateCommand - Element(s) NOT Found: GAVE UP. Search Stop Time: 1626189050773

  phantomjs://platform/console++.js:263 in error
[ERROR - 2021-07-13T15:10:51.506Z] WebElementLocator - _handleLocateCommand - Element(s) NOT Found: GAVE UP. Search Stop Time: 1626189051487

  phantomjs://platform/console++.js:263 in error
[ERROR - 2021-07-13T15:10:52.206Z] WebElementLocator - _handleLocateCommand - Element(s) NOT Found: GAVE UP. Search Stop Time: 1626189052187

  phantomjs://platform/console++.js:263 in error
[ERROR - 2021-07-13T15:10:52.840Z] WebElementLocator - _handleLocateCommand - Element(s) NOT Found: GAVE UP. Search Stop Time: 1626189052839

  phantomjs://platform/console++.js:263 in error
[ERROR - 2021-07-13T15:10:53.544Z] WebElementLocator - _handleLocateCommand - Element(s) NOT Found: GAVE UP. Search Stop Time: 1626189053482

  phantomjs://platform/console++.js:263 in error
[ERROR - 2021-07-13T15:10:54.259Z] WebElementLocator - _handleLocateCommand - Element(s) NOT Found: GAVE UP. Search Stop Time: 1626189054231

  phantomjs://platform/console++.js:263 in error
[ERROR - 2021-07-13T15:10:55.163Z] WebElementLocator - _handleLocateCommand - Element(s) NOT Found: GAVE UP. Search Stop Time: 1626189055013

  phantomjs://platform/console++.js:263 in error
[ERROR - 2021-07-13T15:10:55.583Z] WebElementLocator - _handleLocateCommand - Element(s) NOT Found: GAVE UP. Search Stop Time: 1626189055568

  phantomjs://platform/console++.js:263 in error
[ERROR - 2021-07-13T15:10:56.354Z] WebElementLocator - _handleLocateCommand - Element(s) NOT Found: GAVE UP. Search Stop Time: 1626189056282

  phantomjs://platform/console++.js:263 in error
[ERROR - 2021-07-13T15:10:56.802Z] WebElementLocator - _handleLocateCommand - Element(s) NOT Found: GAVE UP. Search Stop Time: 1626189056793

  phantomjs://platform/console++.js:263 in error
[ERROR - 2021-07-13T15:10:57.642Z] WebElementLocator - _handleLocateCommand - Element(s) NOT Found: GAVE UP. Search Stop Time: 1626189057641

  phantomjs://platform/console++.js:263 in error
[ERROR - 2021-07-13T15:10:58.082Z] WebElementLocator - _handleLocateCommand - Element(s) NOT Found: GAVE UP. Search Stop Time: 1626189058053

  phantomjs://platform/console++.js:263 in error
[ERROR - 2021-07-13T15:10:58.763Z] WebElementLocator - _handleLocateCommand - Element(s) NOT Found: GAVE UP. Search Stop Time: 1626189058539

  phantomjs://platform/console++.js:263 in error
[ERROR - 2021-07-13T15:10:59.485Z] WebElementLocator - _handleLocateCommand - Element(s) NOT Found: GAVE UP. Search Stop Time: 1626189059473

  phantomjs://platform/console++.js:263 in error
[ERROR - 2021-07-13T15:11:00.165Z] WebElementLocator - _handleLocateCommand - Element(s) NOT Found: GAVE UP. Search Stop Time: 1626189060114

  phantomjs://platform/console++.js:263 in error
[ERROR - 2021-07-13T15:11:00.765Z] WebElementLocator - _handleLocateCommand - Element(s) NOT Found: GAVE UP. Search Stop Time: 1626189060714

  phantomjs://platform/console++.js:263 in error
[ERROR - 2021-07-13T15:11:01.462Z] WebElementLocator - _handleLocateCommand - Element(s) NOT Found: GAVE UP. Search Stop Time: 1626189061431

  phantomjs://platform/console++.js:263 in error
[ERROR - 2021-07-13T15:11:02.001Z] WebElementLocator - _handleLocateCommand - Element(s) NOT Found: GAVE UP. Search Stop Time: 1626189061944

  phantomjs://platform/console++.js:263 in error
[ERROR - 2021-07-13T15:11:02.597Z] WebElementLocator - _handleLocateCommand - Element(s) NOT Found: GAVE UP. Search Stop Time: 1626189062442

  phantomjs://platform/console++.js:263 in error
[ERROR - 2021-07-13T15:11:03.096Z] WebElementLocator - _handleLocateCommand - Element(s) NOT Found: GAVE UP. Search Stop Time: 1626189063064

  phantomjs://platform/console++.js:263 in error
[ERROR - 2021-07-13T15:11:03.577Z] WebElementLocator - _handleLocateCommand - Element(s) NOT Found: GAVE UP. Search Stop Time: 1626189063514

  phantomjs://platform/console++.js:263 in error
[ERROR - 2021-07-13T15:11:04.056Z] WebElementLocator - _handleLocateCommand - Element(s) NOT Found: GAVE UP. Search Stop Time: 1626189063997

  phantomjs://platform/console++.js:263 in error
[ERROR - 2021-07-13T15:11:04.539Z] WebElementLocator - _handleLocateCommand - Element(s) NOT Found: GAVE UP. Search Stop Time: 1626189064474

  phantomjs://platform/console++.js:263 in error
[ERROR - 2021-07-13T15:11:05.021Z] WebElementLocator - _handleLocateCommand - Element(s) NOT Found: GAVE UP. Search Stop Time: 1626189065015

  phantomjs://platform/console++.js:263 in error
[ERROR - 2021-07-13T15:11:05.634Z] WebElementLocator - _handleLocateCommand - Element(s) NOT Found: GAVE UP. Search Stop Time: 1626189065493

  phantomjs://platform/console++.js:263 in error
[ERROR - 2021-07-13T15:11:06.063Z] WebElementLocator - _handleLocateCommand - Element(s) NOT Found: GAVE UP. Search Stop Time: 1626189066048

  phantomjs://platform/console++.js:263 in error
[ERROR - 2021-07-13T15:11:06.826Z] WebElementLocator - _handleLocateCommand - Element(s) NOT Found: GAVE UP. Search Stop Time: 1626189066798

  phantomjs://platform/console++.js:263 in error
[ERROR - 2021-07-13T15:11:07.479Z] WebElementLocator - _handleLocateCommand - Element(s) NOT Found: GAVE UP. Search Stop Time: 1626189067468

  phantomjs://platform/console++.js:263 in error
[ERROR - 2021-07-13T15:11:08.267Z] WebElementLocator - _handleLocateCommand - Element(s) NOT Found: GAVE UP. Search Stop Time: 1626189068197

  phantomjs://platform/console++.js:263 in error
[ERROR - 2021-07-13T15:11:09.018Z] WebElementLocator - _handleLocateCommand - Element(s) NOT Found: GAVE UP. Search Stop Time: 1626189068961

  phantomjs://platform/console++.js:263 in error
[ERROR - 2021-07-13T15:11:09.620Z] WebElementLocator - _handleLocateCommand - Element(s) NOT Found: GAVE UP. Search Stop Time: 1626189069456

  phantomjs://platform/console++.js:263 in error
[ERROR - 2021-07-13T15:11:10.378Z] WebElementLocator - _handleLocateCommand - Element(s) NOT Found: GAVE UP. Search Stop Time: 1626189070337

  phantomjs://platform/console++.js:263 in error
[ERROR - 2021-07-13T15:11:11.041Z] WebElementLocator - _handleLocateCommand - Element(s) NOT Found: GAVE UP. Search Stop Time: 1626189071027

  phantomjs://platform/console++.js:263 in error
[ERROR - 2021-07-13T15:11:11.694Z] WebElementLocator - _handleLocateCommand - Element(s) NOT Found: GAVE UP. Search Stop Time: 1626189071665

  phantomjs://platform/console++.js:263 in error
[ERROR - 2021-07-13T15:11:12.229Z] WebElementLocator - _handleLocateCommand - Element(s) NOT Found: GAVE UP. Search Stop Time: 1626189072198

  phantomjs://platform/console++.js:263 in error
[ERROR - 2021-07-13T15:11:12.757Z] WebElementLocator - _handleLocateCommand - Element(s) NOT Found: GAVE UP. Search Stop Time: 1626189072735

  phantomjs://platform/console++.js:263 in error
[ERROR - 2021-07-13T15:11:13.689Z] WebElementLocator - _handleLocateCommand - Element(s) NOT Found: GAVE UP. Search Stop Time: 1626189073427

  phantomjs://platform/console++.js:263 in error
[ERROR - 2021-07-13T15:11:14.204Z] WebElementLocator - _handleLocateCommand - Element(s) NOT Found: GAVE UP. Search Stop Time: 1626189074129

  phantomjs://platform/console++.js:263 in error
[ERROR - 2021-07-13T15:11:14.927Z] WebElementLocator - _handleLocateCommand - Element(s) NOT Found: GAVE UP. Search Stop Time: 1626189074916

  phantomjs://platform/console++.js:263 in error
[ERROR - 2021-07-13T15:11:15.529Z] WebElementLocator - _handleLocateCommand - Element(s) NOT Found: GAVE UP. Search Stop Time: 1626189075503

  phantomjs://platform/console++.js:263 in error
[ERROR - 2021-07-13T15:11:16.358Z] WebElementLocator - _handleLocateCommand - Element(s) NOT Found: GAVE UP. Search Stop Time: 1626189076328

  phantomjs://platform/console++.js:263 in error
[ERROR - 2021-07-13T15:11:17.049Z] WebElementLocator - _handleLocateCommand - Element(s) NOT Found: GAVE UP. Search Stop Time: 1626189077037

  phantomjs://platform/console++.js:263 in error
[ERROR - 2021-07-13T15:11:17.828Z] WebElementLocator - _handleLocateCommand - Element(s) NOT Found: GAVE UP. Search Stop Time: 1626189077680

  phantomjs://platform/console++.js:263 in error
[ERROR - 2021-07-13T15:11:18.241Z] WebElementLocator - _handleLocateCommand - Element(s) NOT Found: GAVE UP. Search Stop Time: 1626189078223

  phantomjs://platform/console++.js:263 in error
[ERROR - 2021-07-13T15:11:18.976Z] WebElementLocator - _handleLocateCommand - Element(s) NOT Found: GAVE UP. Search Stop Time: 1626189078899

  phantomjs://platform/console++.js:263 in error
[ERROR - 2021-07-13T15:11:19.445Z] WebElementLocator - _handleLocateCommand - Element(s) NOT Found: GAVE UP. Search Stop Time: 162618907939[INFO  - 2021-07-13T15:15:43.542Z] SessionManagerReqHand - _cleanupWindowlessSessions - Asynchronous Sessions clean-up phase starting NOW
[INFO  - 2021-07-13T15:20:43.556Z] SessionManagerReqHand - _cleanupWindowlessSessions - Asynchronous Sessions clean-up phase starting NOW
[INFO  - 2021-07-13T15:25:43.574Z] SessionManagerReqHand - _cleanupWindowlessSessions - Asynchronous Sessions clean-up phase starting NOW
[INFO  - 2021-07-13T15:30:43.587Z] SessionManagerReqHand - _cleanupWindowlessSessions - Asynchronous Sessions clean-up phase starting NOW
ch Stop Time: 1626189081272

  phantomjs://platform/console++.js:263 in error
[ERROR - 2021-07-13T15:11:21.814Z] WebElementLocator - _handleLocateCommand - Element(s) NOT Found: GAVE UP. Search Stop Time: 1626189081798

  phantomjs://platform/console++.js:263 in error
[ERROR - 2021-07-13T15:11:22.429Z] WebElementLocator - _handleLocateCommand - Element(s) NOT Found: GAVE UP. Search Stop Time: 1626189082398

  phantomjs://platform/console++.js:263 in error
[ERROR - 2021-07-13T15:11:22.991Z] WebElementLocator - _handleLocateCommand - Element(s) NOT Found: GAVE UP. Search Stop Time: 1626189082985

  phantomjs://platform/console++.js:263 in error
[ERROR - 2021-07-13T15:11:23.679Z] WebElementLocator - _handleLocateCommand - Element(s) NOT Found: GAVE UP. Search Stop Time: 1626189083602

  phantomjs://platform/console++.js:263 in error
[ERROR - 2021-07-13T15:11:24.131Z] WebElementLocator - _handleLocateCommand - Element(s) NOT Found: GAVE UP. Search Stop Time: 1626189084074

  phantomjs://platform/console++.js:263 in error
[ERROR - 2021-07-13T15:11:24.809Z] WebElementLocator - _handleLocateCommand - Element(s) NOT Found: GAVE UP. Search Stop Time: 1626189084686

  phantomjs://platform/console++.js:263 in error
[ERROR - 2021-07-13T15:11:25.254Z] WebElementLocator - _handleLocateCommand - Element(s) NOT Found: GAVE UP. Search Stop Time: 1626189085196

  phantomjs://platform/console++.js:263 in error
[ERROR - 2021-07-13T15:11:25.831Z] WebElementLocator - _handleLocateCommand - Element(s) NOT Found: GAVE UP. Search Stop Time: 1626189085819

  phantomjs://platform/console++.js:263 in error
[ERROR - 2021-07-13T15:11:26.344Z] WebElementLocator - _handleLocateCommand - Element(s) NOT Found: GAVE UP. Search Stop Time: 1626189086281

  phantomjs://platform/console++.js:263 in error
[ERROR - 2021-07-13T15:11:26.972Z] WebElementLocator - _handleLocateCommand - Element(s) NOT Found: GAVE UP. Search Stop Time: 1626189086918

  phantomjs://platform/console++.js:263 in error
[ERROR - 2021-07-13T15:11:27.568Z] WebElementLocator - _handleLocateCommand - Element(s) NOT Found: GAVE UP. Search Stop Time: 1626189087546

  phantomjs://platform/console++.js:263 in error
[ERROR - 2021-07-13T15:11:28.199Z] WebElementLocator - _handleLocateCommand - Element(s) NOT Found: GAVE UP. Search Stop Time: 1626189088092

  phantomjs://platform/console++.js:263 in error
[ERROR - 2021-07-13T15:11:28.620Z] WebElementLocator - _handleLocateCommand - Element(s) NOT Found: GAVE UP. Search Stop Time: 1626189088610

  phantomjs://platform/console++.js:263 in error
[ERROR - 2021-07-13T15:11:29.130Z] WebElementLocator - _handleLocateCommand - Element(s) NOT Found: GAVE UP. Search Stop Time: 1626189089074

  phantomjs://platform/console++.js:263 in error
[ERROR - 2021-07-13T15:11:29.742Z] WebElementLocator - _handleLocateCommand - Element(s) NOT Found: GAVE UP. Search Stop Time: 1626189089722

  phantomjs://platform/console++.js:263 in error
[ERROR - 2021-07-13T15:11:30.316Z] WebElementLocator - _handleLocateCommand - Element(s) NOT Found: GAVE UP. Search Stop Time: 1626189090296

  phantomjs://platform/console++.js:263 in error
[ERROR - 2021-07-13T15:11:30.929Z] WebElementLocator - _handleLocateCommand - Element(s) NOT Found: GAVE UP. Search Stop Time: 1626189090866

  phantomjs://platform/console++.js:263 in error
[ERROR - 2021-07-13T15:11:31.629Z] WebElementLocator - _handleLocateCommand - Element(s) NOT Found: GAVE UP. Search Stop Time: 1626189091522

  phantomjs://platform/console++.js:263 in error
[ERROR - 2021-07-13T15:11:32.052Z] WebElementLocator - _handleLocateCommand - Element(s) NOT Found: GAVE UP. Search Stop Time: 1626189092014

  phantomjs://platform/console++.js:263 in error
[ERROR - 2021-07-13T15:11:32.675Z] WebElementLocator - _handleLocateCommand - Element(s) NOT Found: GAVE UP. Search Stop Time: 1626189092663

  phantomjs://platform/console++.js:263 in error
[ERROR - 2021-07-13T15:11:33.110Z] WebElementLocator - _handleLocateCommand - Element(s) NOT Found: GAVE UP. Search Stop Time: 1626189093109

  phantomjs://platform/console++.js:263 in error
[ERROR - 2021-07-13T15:11:33.702Z] WebElementLocator - _handleLocateCommand - Element(s) NOT Found: GAVE UP. Search Stop Time: 1626189093699

  phantomjs://platform/console++.js:263 in error
[ERROR - 2021-07-13T15:11:34.182Z] WebElementLocator - _handleLocateCommand - Element(s) NOT Found: GAVE UP. Search Stop Time: 1626189094164

  phantomjs://platform/console++.js:263 in error
[ERROR - 2021-07-13T15:11:35.088Z] WebElementLocator - _handleLocateCommand - Element(s) NOT Found: GAVE UP. Search Stop Time: 1626189094854

  phantomjs://platform/console++.js:263 in error
[ERROR - 2021-07-13T15:11:35.595Z] WebElementLocator - _handleLocateCommand - Element(s) NOT Found: GAVE UP. Search Stop Time: 1626189095561

  phantomjs://platform/console++.js:263 in error
[ERROR - 2021-07-13T15:11:36.243Z] WebElementLocator - _handleLocateCommand - Element(s) NOT Found: GAVE UP. Search Stop Time: 1626189096217

  phantomjs://platform/console++.js:263 in error
[ERROR - 2021-07-13T15:11:36.940Z] WebElementLocator - _handleLocateCommand - Element(s) NOT Found: GAVE UP. Search Stop Time: 1626189096926

  phantomjs://platform/console++.js:263 in error
[ERROR - 2021-07-13T15:11:37.628Z] WebElementLocator - _handleLocateCommand - Element(s) NOT Found: GAVE UP. Search Stop Time: 1626189097619

  phantomjs://platform/console++.js:263 in error
[ERROR - 2021-07-13T15:11:38.345Z] WebElementLocator - _handleLocateCommand - Element(s) NOT Found: GAVE UP. Search Stop Time: 1626189098287

  phantomjs://platform/console++.js:263 in error
[ERROR - 2021-07-13T15:11:39.108Z] WebElementLocator - _handleLocateCommand - Element(s) NOT Found: GAVE UP. Search Stop Time: 1626189098978

  phantomjs://platform/console++.js:263 in error
[ERROR - 2021-07-13T15:11:39.720Z] WebElementLocator - _handleLocateCommand - Element(s) NOT Found: GAVE UP. Search Stop Time: 1626189099714

  phantomjs://platform/console++.js:263 in error
[ERROR - 2021-07-13T15:11:40.374Z] WebElementLocator - _handleLocateCommand - Element(s) NOT Found: GAVE UP. Search Stop Time: 1626189100351

  phantomjs://platform/console++.js:263 in error
[ERROR - 2021-07-13T15:11:40.996Z] WebElementLocator - _handleLocateCommand - Element(s) NOT Found: GAVE UP. Search Stop Time: 1626189100983

  phantomjs://platform/console++.js:263 in error
[ERROR - 2021-07-13T15:11:41.622Z] WebElementLocator - _handleLocateCommand - Element(s) NOT Found: GAVE UP. Search Stop Time: 1626189101611

  phantomjs://platform/console++.js:263 in error
[ERROR - 2021-07-13T15:11:42.332Z] WebElementLocator - _handleLocateCommand - Element(s) NOT Found: GAVE UP. Search Stop Time: 1626189102313

  phantomjs://platform/console++.js:263 in error
[ERROR - 2021-07-13T15:11:43.152Z] WebElementLocator - _handleLocateCommand - Element(s) NOT Found: GAVE UP. Search Stop Time: 1626189103007

  phantomjs://platform/console++.js:263 in error
[ERROR - 2021-07-13T15:11:43.568Z] WebElementLocator - _handleLocateCommand - Element(s) NOT Found: GAVE UP. Search Stop Time: 1626189103554

  phantomjs://platform/console++.js:263 in error
[ERROR - 2021-07-13T15:11:44.232Z] WebElementLocator - _handleLocateCommand - Element(s) NOT Found: GAVE UP. Search Stop Time: 1626189104212

  phantomjs://platform/console++.js:263 in error
[ERROR - 2021-07-13T15:11:44.867Z] WebElementLocator - _handleLocateCommand - Element(s) NOT Found: GAVE UP. Search Stop Time: 1626189104863

  phantomjs://platform/console++.js:263 in error
[ERROR - 2021-07-13T15:11:45.499Z] WebElementLocator - _handleLocateCommand - Element(s) NOT Found: GAVE UP. Search Stop Time: 1626189105437

  phantomjs://platform/console++.js:263 in error
[ERROR - 2021-07-13T15:11:46.108Z] WebElementLocator - _handleLocateCommand - Element(s) NOT Found: GAVE UP. Search Stop Time: 1626189106056

  phantomjs://platform/console++.js:263 in error
[ERROR - 2021-07-13T15:11:46.748Z] WebElementLocator - _handleLocateCommand - Element(s) NOT Found: GAVE UP. Search Stop Time: 1626189106674

  phantomjs://platform/console++.js:263 in error
[ERROR - 2021-07-13T15:11:47.170Z] WebElementLocator - _handleLocateCommand - Element(s) NOT Found: GAVE UP. Search Stop Time: 1626189107120

  phantomjs://platform/console++.js:263 in error
[ERROR - 2021-07-13T15:11:47.728Z] WebElementLocator - _handleLocateCommand - Element(s) NOT Found: GAVE UP. Search Stop Time: 1626189107717

  phantomjs://platform/console++.js:263 in error
[ERROR - 2021-07-13T15:11:48.344Z] WebElementLocator - _handleLocateCommand - Element(s) NOT Found: GAVE UP. Search Stop Time: 1626189108292

  phantomjs://platform/console++.js:263 in error
[ERROR - 2021-07-13T15:11:48.979Z] WebElementLocator - _handleLocateCommand - Element(s) NOT Found: GAVE UP. Search Stop Time: 1626189108911

  phantomjs://platform/console++.js:263 in error
[ERROR - 2021-07-13T15:11:49.595Z] WebElementLocator - _handleLocateCommand - Element(s) NOT Found: GAVE UP. Search Stop Time: 1626189109535

  phantomjs://platform/console++.js:263 in error
[ERROR - 2021-07-13T15:11:50.257Z] WebElementLocator - _handleLocateCommand - Element(s) NOT Found: GAVE UP. Search Stop Time: 1626189110061

  phantomjs://platform/console++.js:263 in error
[ERROR - 2021-07-13T15:11:50.656Z] WebElementLocator - _handleLocateCommand - Element(s) NOT Found: GAVE UP. Search Stop Time: 1626189110636

  phantomjs://platform/console++.js:263 in error
[ERROR - 2021-07-13T15:11:51.343Z] WebElementLocator - _handleLocateCommand - Element(s) NOT Found: GAVE UP. Search Stop Time: 1626189111310

  phantomjs://platform/console++.js:263 in error
[ERROR - 2021-07-13T15:11:51.926Z] WebElementLocator - _handleLocateCommand - Element(s) NOT Found: GAVE UP. Search Stop Time: 1626189111914

  phantomjs://platform/console++.js:263 in error
[ERROR - 2021-07-13T15:11:52.641Z] WebElementLocator - _handleLocateCommand - Element(s) NOT Found: GAVE UP. Search Stop Time: 1626189112601

  phantomjs://platform/console++.js:263 in error
[ERROR - 2021-07-13T15:11:53.319Z] WebElementLocator - _handleLocateCommand - Element(s) NOT Found: GAVE UP. Search Stop Time: 1626189113314

  phantomjs://platform/console++.js:263 in error
[ERROR - 2021-07-13T15:11:54.198Z] WebElementLocator - _handleLocateCommand - Element(s) NOT Found: GAVE UP. Search Stop Time: 1626189113975

  phantomjs://platform/console++.js:263 in error
[ERROR - 2021-07-13T15:11:54.646Z] WebElementLocator - _handleLocateCommand - Element(s) NOT Found: GAVE UP. Search Stop Time: 1626189114574

  phantomjs://platform/console++.js:263 in error
[ERROR - 2021-07-13T15:11:55.254Z] WebElementLocator - _handleLocateCommand - Element(s) NOT Found: GAVE UP. Search Stop Time: 1626189115218

  phantomjs://platform/console++.js:263 in error
[ERROR - 2021-07-13T15:11:55.895Z] WebElementLocator - _handleLocateCommand - Element(s) NOT Found: GAVE UP. Search Stop Time: 1626189115820

  phantomjs://platform/console++.js:263 in error
[ERROR - 2021-07-13T15:11:56.438Z] WebElementLocator - _handleLocateCommand - Element(s) NOT Found: GAVE UP. Search Stop Time: 1626189116421

  phantomjs://platform/console++.js:263 in error
[ERROR - 2021-07-13T15:11:57.090Z] WebElementLocator - _handleLocateCommand - Element(s) NOT Found: GAVE UP. Search Stop Time: 1626189117031

  phantomjs://platform/console++.js:263 in error
[ERROR - 2021-07-13T15:11:57.626Z] WebElementLocator - _handleLocateCommand - Element(s) NOT Found: GAVE UP. Search Stop Time: 1626189117550

  phantomjs://platform/console++.js:263 in error
[ERROR - 2021-07-13T15:11:58.011Z] WebElementLocator - _handleLocateCommand - Element(s) NOT Found: GAVE UP. Search Stop Time: 1626189118000

  phantomjs://platform/console++.js:263 in error
[ERROR - 2021-07-13T15:11:58.610Z] WebElementLocator - _handleLocateCommand - Element(s) NOT Found: GAVE UP. Search Stop Time: 1626189118604

  phantomjs://platform/console++.js:263 in error
[ERROR - 2021-07-13T15:11:59.267Z] WebElementLocator - _handleLocateCommand - Element(s) NOT Found: GAVE UP. Search Stop Time: 1626189119235

  phantomjs://platform/console++.js:263 in error
[ERROR - 2021-07-13T15:11:59.860Z] WebElementLocator - _handleLocateCommand - Element(s) NOT Found: GAVE UP. Search Stop Time: 1626189119859

  phantomjs://platform/console++.js:263 in error
[ERROR - 2021-07-13T15:12:00.483Z] WebElementLocator - _handleLocateCommand - Element(s) NOT Found: GAVE UP. Search Stop Time: 1626189120430

  phantomjs://platform/console++.js:263 in error
[ERROR - 2021-07-13T15:12:01.214Z] WebElementLocator - _handleLocateCommand - Element(s) NOT Found: GAVE UP. Search Stop Time: 1626189121079

  phantomjs://platform/console++.js:263 in error
[ERROR - 2021-07-13T15:12:01.787Z] WebElementLocator - _handleLocateCommand - Element(s) NOT Found: GAVE UP. Search Stop Time: 1626189121762

  phantomjs://platform/console++.js:263 in error
[ERROR - 2021-07-13T15:12:02.468Z] WebElementLocator - _handleLocateCommand - Element(s) NOT Found: GAVE UP. Search Stop Time: 1626189122411

  phantomjs://platform/console++.js:263 in error
[ERROR - 2021-07-13T15:12:03.123Z] WebElementLocator - _handleLocateCommand - Element(s) NOT Found: GAVE UP. Search Stop Time: 1626189123059

  phantomjs://platform/console++.js:263 in error
[ERROR - 2021-07-13T15:12:03.710Z] WebElementLocator - _handleLocateCommand - Element(s) NOT Found: GAVE UP. Search Stop Time: 1626189123695

  phantomjs://platform/console++.js:263 in error
[ERROR - 2021-07-13T15:12:04.327Z] WebElementLocator - _handleLocateCommand - Element(s) NOT Found: GAVE UP. Search Stop Time: 1626189124275

  phantomjs://platform/console++.js:263 in error
[ERROR - 2021-07-13T15:12:05.107Z] WebElementLocator - _handleLocateCommand - Element(s) NOT Found: GAVE UP. Search Stop Time: 1626189124908

  phantomjs://platform/console++.js:263 in error
[ERROR - 2021-07-13T15:12:05.525Z] WebElementLocator - _handleLocateCommand - Element(s) NOT Found: GAVE UP. Search Stop Time: 1626189125491

  phantomjs://platform/console++.js:263 in error
[ERROR - 2021-07-13T15:12:06.113Z] WebElementLocator - _handleLocateCommand - Element(s) NOT Found: GAVE UP. Search Stop Time: 1626189126104

  phantomjs://platform/console++.js:263 in error
[ERROR - 2021-07-13T15:12:06.736Z] WebElementLocator - _handleLocateCommand - Element(s) NOT Found: GAVE UP. Search Stop Time: 1626189126676

  phantomjs://platform/console++.js:263 in error
[ERROR - 2021-07-13T15:12:07.295Z] WebElementLocator - _handleLocateCommand - Element(s) NOT Found: GAVE UP. Search Stop Time: 1626189127291

  phantomjs://platform/console++.js:263 in error
[ERROR - 2021-07-13T15:12:07.940Z] WebElementLocator - _handleLocateCommand - Element(s) NOT Found: GAVE UP. Search Stop Time: 1626189127868

  phantomjs://platform/console++.js:263 in error
[ERROR - 2021-07-13T15:12:08.582Z] WebElementLocator - _handleLocateCommand - Element(s) NOT Found: GAVE UP. Search Stop Time: 1626189128489

  phantomjs://platform/console++.js:263 in error
[ERROR - 2021-07-13T15:12:08.960Z] WebElementLocator - _handleLocateCommand - Element(s) NOT Found: GAVE UP. Search Stop Time: 1626189128953

  phantomjs://platform/console++.js:263 in error
[ERROR - 2021-07-13T15:12:09.448Z] WebElementLocator - _handleLocateCommand - Element(s) NOT Found: GAVE UP. Search Stop Time: 1626189129417

  phantomjs://platform/console++.js:263 in error
[ERROR - 2021-07-13T15:12:09.974Z] WebElementLocator - _handleLocateCommand - Element(s) NOT Found: GAVE UP. Search Stop Time: 1626189129918

  phantomjs://platform/console++.js:263 in error
[ERROR - 2021-07-13T15:12:10.608Z] WebElementLocator - _handleLocateCommand - Element(s) NOT Found: GAVE UP. Search Stop Time: 1626189130542

  phantomjs://platform/console++.js:263 in error
[ERROR - 2021-07-13T15:12:11.213Z] WebElementLocator - _handleLocateCommand - Element(s) NOT Found: GAVE UP. Search Stop Time: 1626189131168

  phantomjs://platform/console++.js:263 in error
[ERROR - 2021-07-13T15:12:11.854Z] WebElementLocator - _handleLocateCommand - Element(s) NOT Found: GAVE UP. Search Stop Time: 1626189131750

  phantomjs://platform/console++.js:263 in error
[ERROR - 2021-07-13T15:12:12.261Z] WebElementLocator - _handleLocateCommand - Element(s) NOT Found: GAVE UP. Search Stop Time: 1626189132236

  phantomjs://platform/console++.js:263 in error
[ERROR - 2021-07-13T15:12:12.924Z] WebElementLocator - _handleLocateCommand - Element(s) NOT Found: GAVE UP. Search Stop Time: 1626189132863

  phantomjs://platform/console++.js:263 in error
[ERROR - 2021-07-13T15:12:13.401Z] WebElementLocator - _handleLocateCommand - Element(s) NOT Found: GAVE UP. Search Stop Time: 1626189133394

  phantomjs://platform/console++.js:263 in error
[ERROR - 2021-07-13T15:12:13.993Z] WebElementLocator - _handleLocateCommand - Element(s) NOT Found: GAVE UP. Search Stop Time: 1626189133976

  phantomjs://platform/console++.js:263 in error
[ERROR - 2021-07-13T15:12:14.588Z] WebElementLocator - _handleLocateCommand - Element(s) NOT Found: GAVE UP. Search Stop Time: 1626189134562

  phantomjs://platform/console++.js:263 in error
[ERROR - 2021-07-13T15:12:15.393Z] WebElementLocator - _handleLocateCommand - Element(s) NOT Found: GAVE UP. Search Stop Time: 1626189135179

  phantomjs://platform/console++.js:263 in error
[ERROR - 2021-07-13T15:12:15.789Z] WebElementLocator - _handleLocateCommand - Element(s) NOT Found: GAVE UP. Search Stop Time: 1626189135777

  phantomjs://platform/console++.js:263 in error
[ERROR - 2021-07-13T15:12:16.416Z] WebElementLocator - _handleLocateCommand - Element(s) NOT Found: GAVE UP. Search Stop Time: 1626189136397

  phantomjs://platform/console++.js:263 in error
[ERROR - 2021-07-13T15:12:17.083Z] WebElementLocator - _handleLocateCommand - Element(s) NOT Found: GAVE UP. Search Stop Time: 1626189137042

  phantomjs://platform/console++.js:263 in error
[ERROR - 2021-07-13T15:12:17.559Z] WebElementLocator - _handleLocateCommand - Element(s) NOT Found: GAVE UP. Search Stop Time: 1626189137554

  phantomjs://platform/console++.js:263 in error
[ERROR - 2021-07-13T15:12:18.235Z] WebElementLocator - _handleLocateCommand - Element(s) NOT Found: GAVE UP. Search Stop Time: 1626189138226

  phantomjs://platform/console++.js:263 in error
[ERROR - 2021-07-13T15:12:19.065Z] WebElementLocator - _handleLocateCommand - Element(s) NOT Found: GAVE UP. Search Stop Time: 1626189138872

  phantomjs://platform/console++.js:263 in error
[ERROR - 2021-07-13T15:12:19.484Z] WebElementLocator - _handleLocateCommand - Element(s) NOT Found: GAVE UP. Search Stop Time: 1626189139472

  phantomjs://platform/console++.js:263 in error
[ERROR - 2021-07-13T15:12:20.180Z] WebElementLocator - _handleLocateCommand - Element(s) NOT Found: GAVE UP. Search Stop Time: 1626189140172

  phantomjs://platform/console++.js:263 in error
[ERROR - 2021-07-13T15:12:20.867Z] WebElementLocator - _handleLocateCommand - Element(s) NOT Found: GAVE UP. Search Stop Time: 1626189140793

  phantomjs://platform/console++.js:263 in error
[ERROR - 2021-07-13T15:12:21.557Z] WebElementLocator - _handleLocateCommand - Element(s) NOT Found: GAVE UP. Search Stop Time: 1626189141524

  phantomjs://platform/console++.js:263 in error
[ERROR - 2021-07-13T15:12:22.186Z] WebElementLocator - _handleLocateCommand - Element(s) NOT Found: GAVE UP. Search Stop Time: 1626189142165

  phantomjs://platform/console++.js:263 in error
[ERROR - 2021-07-13T15:12:23.196Z] WebElementLocator - _handleLocateCommand - Element(s) NOT Found: GAVE UP. Search Stop Time: 1626189143004

  phantomjs://platform/console++.js:263 in error
[ERROR - 2021-07-13T15:12:23.640Z] WebElementLocator - _handleLocateCommand - Element(s) NOT Found: GAVE UP. Search Stop Time: 1626189143590

  phantomjs://platform/console++.js:263 in error
[ERROR - 2021-07-13T15:12:24.249Z] WebElementLocator - _handleLocateCommand - Element(s) NOT Found: GAVE UP. Search Stop Time: 1626189144244

  phantomjs://platform/console++.js:263 in error
[ERROR - 2021-07-13T15:12:24.908Z] WebElementLocator - _handleLocateCommand - Element(s) NOT Found: GAVE UP. Search Stop Time: 1626189144899

  phantomjs://platform/console++.js:263 in error
[ERROR - 2021-07-13T15:12:25.611Z] WebElementLocator - _handleLocateCommand - Element(s) NOT Found: GAVE UP. Search Stop Time: 1626189145551

  phantomjs://platform/console++.js:263 in error
[ERROR - 2021-07-13T15:12:26.236Z] WebElementLocator - _handleLocateCommand - Element(s) NOT Found: GAVE UP. Search Stop Time: 1626189146230

  phantomjs://platform/console++.js:263 in error
[ERROR - 2021-07-13T15:12:27.322Z] WebElementLocator - _handleLocateCommand - Element(s) NOT Found: GAVE UP. Search Stop Time: 1626189147012

  phantomjs://platform/console++.js:263 in error
[ERROR - 2021-07-13T15:12:27.740Z] WebElementLocator - _handleLocateCommand - Element(s) NOT Found: GAVE UP. Search Stop Time: 1626189147737

  phantomjs://platform/console++.js:263 in error
[ERROR - 2021-07-13T15:12:28.421Z] WebElementLocator - _handleLocateCommand - Element(s) NOT Found: GAVE UP. Search Stop Time: 1626189148370

  phantomjs://platform/console++.js:263 in error
[ERROR - 2021-07-13T15:12:29.084Z] WebElementLocator - _handleLocateCommand - Element(s) NOT Found: GAVE UP. Search Stop Time: 1626189149082

  phantomjs://platform/console++.js:263 in error
[ERROR - 2021-07-13T15:12:29.856Z] WebElementLocator - _handleLocateCommand - Element(s) NOT Found: GAVE UP. Search Stop Time: 1626189149837

  phantomjs://platform/console++.js:263 in error
[ERROR - 2021-07-13T15:12:30.538Z] WebElementLocator - _handleLocateCommand - Element(s) NOT Found: GAVE UP. Search Stop Time: 1626189150508

  phantomjs://platform/console++.js:263 in error
[ERROR - 2021-07-13T15:12:31.265Z] WebElementLocator - _handleLocateCommand - Element(s) NOT Found: GAVE UP. Search Stop Time: 1626189150981

  phantomjs://platform/console++.js:263 in error
[ERROR - 2021-07-13T15:12:31.995Z] WebElementLocator - _handleLocateCommand - Element(s) NOT Found: GAVE UP. Search Stop Time: 1626189151974

  phantomjs://platform/console++.js:263 in error
[ERROR - 2021-07-13T15:12:32.633Z] WebElementLocator - _handleLocateCommand - Element(s) NOT Found: GAVE UP. Search Stop Time: 1626189152632

  phantomjs://platform/console++.js:263 in error
[ERROR - 2021-07-13T15:12:33.087Z] WebElementLocator - _handleLocateCommand - Element(s) NOT Found: GAVE UP. Search Stop Time: 1626189153062

  phantomjs://platform/console++.js:263 in error
[ERROR - 2021-07-13T15:12:33.534Z] WebElementLocator - _handleLocateCommand - Element(s) NOT Found: GAVE UP. Search Stop Time: 1626189153518

  phantomjs://platform/console++.js:263 in error
[ERROR - 2021-07-13T15:12:34.267Z] WebElementLocator - _handleLocateCommand - Element(s) NOT Found: GAVE UP. Search Stop Time: 1626189154239

  phantomjs://platform/console++.js:263 in error
[ERROR - 2021-07-13T15:12:34.900Z] WebElementLocator - _handleLocateCommand - Element(s) NOT Found: GAVE UP. Search Stop Time: 1626189154814

  phantomjs://platform/console++.js:263 in error
[ERROR - 2021-07-13T15:12:35.350Z] WebElementLocator - _handleLocateCommand - Element(s) NOT Found: GAVE UP. Search Stop Time: 1626189155287

  phantomjs://platform/console++.js:263 in error
[ERROR - 2021-07-13T15:12:35.877Z] WebElementLocator - _handleLocateCommand - Element(s) NOT Found: GAVE UP. Search Stop Time: 1626189155817

  phantomjs://platform/console++.js:263 in error
[ERROR - 2021-07-13T15:12:36.309Z] WebElementLocator - _handleLocateCommand - Element(s) NOT Found: GAVE UP. Search Stop Time: 1626189156297

  phantomjs://platform/console++.js:263 in error
[ERROR - 2021-07-13T15:12:37.008Z] WebElementLocator - _handleLocateCommand - Element(s) NOT Found: GAVE UP. Search Stop Time: 1626189156995

  phantomjs://platform/console++.js:263 in error
[ERROR - 2021-07-13T15:12:37.664Z] WebElementLocator - _handleLocateCommand - Element(s) NOT Found: GAVE UP. Search Stop Time: 1626189157629

  phantomjs://platform/console++.js:263 in error
[ERROR - 2021-07-13T15:12:38.483Z] WebElementLocator - _handleLocateCommand - Element(s) NOT Found: GAVE UP. Search Stop Time: 1626189158325

  phantomjs://platform/console++.js:263 in error
[ERROR - 2021-07-13T15:12:38.945Z] WebElementLocator - _handleLocateCommand - Element(s) NOT Found: GAVE UP. Search Stop Time: 1626189158928

  phantomjs://platform/console++.js:263 in error
[ERROR - 2021-07-13T15:12:39.662Z] WebElementLocator - _handleLocateCommand - Element(s) NOT Found: GAVE UP. Search Stop Time: 1626189159631

  phantomjs://platform/console++.js:263 in error
[ERROR - 2021-07-13T15:12:40.337Z] WebElementLocator - _handleLocateCommand - Element(s) NOT Found: GAVE UP. Search Stop Time: 1626189160302

  phantomjs://platform/console++.js:263 in error
[ERROR - 2021-07-13T15:12:40.987Z] WebElementLocator - _handleLocateCommand - Element(s) NOT Found: GAVE UP. Search Stop Time: 1626189160968

  phantomjs://platform/console++.js:263 in error
[ERROR - 2021-07-13T15:12:41.670Z] WebElementLocator - _handleLocateCommand - Element(s) NOT Found: GAVE UP. Search Stop Time: 1626189161661

  phantomjs://platform/console++.js:263 in error
[ERROR - 2021-07-13T15:12:42.739Z] WebElementLocator - _handleLocateCommand - Element(s) NOT Found: GAVE UP. Search Stop Time: 1626189162461

  phantomjs://platform/console++.js:263 in error
[ERROR - 2021-07-13T15:12:43.334Z] WebElementLocator - _handleLocateCommand - Element(s) NOT Found: GAVE UP. Search Stop Time: 1626189163329

  phantomjs://platform/console++.js:263 in error
[ERROR - 2021-07-13T15:12:44.049Z] WebElementLocator - _handleLocateCommand - Element(s) NOT Found: GAVE UP. Search Stop Time: 1626189164044

  phantomjs://platform/console++.js:263 in error
[ERROR - 2021-07-13T15:12:44.744Z] WebElementLocator - _handleLocateCommand - Element(s) NOT Found: GAVE UP. Search Stop Time: 1626189164731

  phantomjs://platform/console++.js:263 in error
[ERROR - 2021-07-13T15:12:45.485Z] WebElementLocator - _handleLocateCommand - Element(s) NOT Found: GAVE UP. Search Stop Time: 1626189165421

  phantomjs://platform/console++.js:263 in error
[ERROR - 2021-07-13T15:12:46.005Z] WebElementLocator - _handleLocateCommand - Element(s) NOT Found: GAVE UP. Search Stop Time: 1626189165965

  phantomjs://platform/console++.js:263 in error
[ERROR - 2021-07-13T15:12:46.862Z] WebElementLocator - _handleLocateCommand - Element(s) NOT Found: GAVE UP. Search Stop Time: 1626189166786

  phantomjs://platform/console++.js:263 in error
[ERROR - 2021-07-13T15:12:47.253Z] WebElementLocator - _handleLocateCommand - Element(s) NOT Found: GAVE UP. Search Stop Time: 1626189167250

  phantomjs://platform/console++.js:263 in error
[ERROR - 2021-07-13T15:12:47.930Z] WebElementLocator - _handleLocateCommand - Element(s) NOT Found: GAVE UP. Search Stop Time: 1626189167928

  phantomjs://platform/console++.js:263 in error
[ERROR - 2021-07-13T15:12:48.662Z] WebElementLocator - _handleLocateCommand - Element(s) NOT Found: GAVE UP. Search Stop Time: 1626189168592

  phantomjs://platform/console++.js:263 in error
[ERROR - 2021-07-13T15:12:49.353Z] WebElementLocator - _handleLocateCommand - Element(s) NOT Found: GAVE UP. Search Stop Time: 1626189169325

  phantomjs://platform/console++.js:263 in error
[ERROR - 2021-07-13T15:12:50.049Z] WebElementLocator - _handleLocateCommand - Element(s) NOT Found: GAVE UP. Search Stop Time: 1626189169984

  phantomjs://platform/console++.js:263 in error
[ERROR - 2021-07-13T15:12:50.780Z] WebElementLocator - _handleLocateCommand - Element(s) NOT Found: GAVE UP. Search Stop Time: 1626189170637

  phantomjs://platform/console++.js:263 in error
[ERROR - 2021-07-13T15:12:51.206Z] WebElementLocator - _handleLocateCommand - Element(s) NOT Found: GAVE UP. Search Stop Time: 1626189171179

  phantomjs://platform/console++.js:263 in error
[ERROR - 2021-07-13T15:12:51.627Z] WebElementLocator - _handleLocateCommand - Element(s) NOT Found: GAVE UP. Search Stop Time: 1626189171615

  phantomjs://platform/console++.js:263 in error
[ERROR - 2021-07-13T15:12:52.314Z] WebElementLocator - _handleLocateCommand - Element(s) NOT Found: GAVE UP. Search Stop Time: 1626189172307

  phantomjs://platform/console++.js:263 in error
[ERROR - 2021-07-13T15:12:52.912Z] WebElementLocator - _handleLocateCommand - Element(s) NOT Found: GAVE UP. Search Stop Time: 1626189172901

  phantomjs://platform/console++.js:263 in error
[ERROR - 2021-07-13T15:12:53.578Z] WebElementLocator - _handleLocateCommand - Element(s) NOT Found: GAVE UP. Search Stop Time: 1626189173525

  phantomjs://platform/console++.js:263 in error
[ERROR - 2021-07-13T15:12:54.269Z] WebElementLocator - _handleLocateCommand - Element(s) NOT Found: GAVE UP. Search Stop Time: 1626189174177

  phantomjs://platform/console++.js:263 in error
[ERROR - 2021-07-13T15:12:54.664Z] WebElementLocator - _handleLocateCommand - Element(s) NOT Found: GAVE UP. Search Stop Time: 1626189174646

  phantomjs://platform/console++.js:263 in error
[ERROR - 2021-07-13T15:12:55.419Z] WebElementLocator - _handleLocateCommand - Element(s) NOT Found: GAVE UP. Search Stop Time: 1626189175377

  phantomjs://platform/console++.js:263 in error
[ERROR - 2021-07-13T15:12:56.232Z] WebElementLocator - _handleLocateCommand - Element(s) NOT Found: GAVE UP. Search Stop Time: 1626189176223

  phantomjs://platform/console++.js:263 in error
[ERROR - 2021-07-13T15:12:56.976Z] WebElementLocator - _handleLocateCommand - Element(s) NOT Found: GAVE UP. Search Stop Time: 1626189176911

  phantomjs://platform/console++.js:263 in error
[ERROR - 2021-07-13T15:12:57.459Z] WebElementLocator - _handleLocateCommand - Element(s) NOT Found: GAVE UP. Search Stop Time: 1626189177384

  phantomjs://platform/console++.js:263 in error
[ERROR - 2021-07-13T15:12:58.027Z] WebElementLocator - _handleLocateCommand - Element(s) NOT Found: GAVE UP. Search Stop Time: 1626189177899

  phantomjs://platform/console++.js:263 in error
[ERROR - 2021-07-13T15:12:58.576Z] WebElementLocator - _handleLocateCommand - Element(s) NOT Found: GAVE UP. Search Stop Time: 1626189178512

  phantomjs://platform/console++.js:263 in error
[ERROR - 2021-07-13T15:12:59.036Z] WebElementLocator - _handleLocateCommand - Element(s) NOT Found: GAVE UP. Search Stop Time: 1626189179033

  phantomjs://platform/console++.js:263 in error
[ERROR - 2021-07-13T15:12:59.487Z] WebElementLocator - _handleLocateCommand - Element(s) NOT Found: GAVE UP. Search Stop Time: 1626189179426

  phantomjs://platform/console++.js:263 in error
[ERROR - 2021-07-13T15:12:59.919Z] WebElementLocator - _handleLocateCommand - Element(s) NOT Found: GAVE UP. Search Stop Time: 1626189179859

  phantomjs://platform/console++.js:263 in error
[ERROR - 2021-07-13T15:13:00.393Z] WebElementLocator - _handleLocateCommand - Element(s) NOT Found: GAVE UP. Search Stop Time: 1626189180339

  phantomjs://platform/console++.js:263 in error
[ERROR - 2021-07-13T15:13:01.340Z] WebElementLocator - _handleLocateCommand - Element(s) NOT Found: GAVE UP. Search Stop Time: 1626189181140

  phantomjs://platform/console++.js:263 in error
[ERROR - 2021-07-13T15:13:01.745Z] WebElementLocator - _handleLocateCommand - Element(s) NOT Found: GAVE UP. Search Stop Time: 1626189181740

  phantomjs://platform/console++.js:263 in error
[ERROR - 2021-07-13T15:13:02.314Z] WebElementLocator - _handleLocateCommand - Element(s) NOT Found: GAVE UP. Search Stop Time: 1626189182292

  phantomjs://platform/console++.js:263 in error
[ERROR - 2021-07-13T15:13:03.001Z] WebElementLocator - _handleLocateCommand - Element(s) NOT Found: GAVE UP. Search Stop Time: 1626189182953

  phantomjs://platform/console++.js:263 in error
[ERROR - 2021-07-13T15:13:03.644Z] WebElementLocator - _handleLocateCommand - Element(s) NOT Found: GAVE UP. Search Stop Time: 1626189183625

  phantomjs://platform/console++.js:263 in error
[ERROR - 2021-07-13T15:13:04.078Z] WebElementLocator - _handleLocateCommand - Element(s) NOT Found: GAVE UP. Search Stop Time: 1626189184069

  phantomjs://platform/console++.js:263 in error
[ERROR - 2021-07-13T15:13:04.969Z] WebElementLocator - _handleLocateCommand - Element(s) NOT Found: GAVE UP. Search Stop Time: 1626189184832

  phantomjs://platform/console++.js:263 in error
[ERROR - 2021-07-13T15:13:05.366Z] WebElementLocator - _handleLocateCommand - Element(s) NOT Found: GAVE UP. Search Stop Time: 1626189185346

  phantomjs://platform/console++.js:263 in error
[ERROR - 2021-07-13T15:13:05.973Z] WebElementLocator - _handleLocateCommand - Element(s) NOT Found: GAVE UP. Search Stop Time: 1626189185952

  phantomjs://platform/console++.js:263 in error
[ERROR - 2021-07-13T15:13:06.547Z] WebElementLocator - _handleLocateCommand - Element(s) NOT Found: GAVE UP. Search Stop Time: 1626189186535

  phantomjs://platform/console++.js:263 in error
[ERROR - 2021-07-13T15:13:07.166Z] WebElementLocator - _handleLocateCommand - Element(s) NOT Found: GAVE UP. Search Stop Time: 1626189187110

  phantomjs://platform/console++.js:263 in error
[ERROR - 2021-07-13T15:13:07.724Z] WebElementLocator - _handleLocateCommand - Element(s) NOT Found: GAVE UP. Search Stop Time: 1626189187717

  phantomjs://platform/console++.js:263 in error
[ERROR - 2021-07-13T15:13:08.551Z] WebElementLocator - _handleLocateCommand - Element(s) NOT Found: GAVE UP. Search Stop Time: 1626189188335

  phantomjs://platform/console++.js:263 in error
[ERROR - 2021-07-13T15:13:09.173Z] WebElementLocator - _handleLocateCommand - Element(s) NOT Found: GAVE UP. Search Stop Time: 1626189189153

  phantomjs://platform/console++.js:263 in error
[ERROR - 2021-07-13T15:13:09.794Z] WebElementLocator - _handleLocateCommand - Element(s) NOT Found: GAVE UP. Search Stop Time: 1626189189791

  phantomjs://platform/console++.js:263 in error
[ERROR - 2021-07-13T15:13:10.576Z] WebElementLocator - _handleLocateCommand - Element(s) NOT Found: GAVE UP. Search Stop Time: 1626189190530

  phantomjs://platform/console++.js:263 in error
[ERROR - 2021-07-13T15:13:11.249Z] WebElementLocator - _handleLocateCommand - Element(s) NOT Found: GAVE UP. Search Stop Time: 1626189191238

  phantomjs://platform/console++.js:263 in error
[ERROR - 2021-07-13T15:13:12.008Z] WebElementLocator - _handleLocateCommand - Element(s) NOT Found: GAVE UP. Search Stop Time: 1626189191992

  phantomjs://platform/console++.js:263 in error
[ERROR - 2021-07-13T15:13:12.888Z] WebElementLocator - _handleLocateCommand - Element(s) NOT Found: GAVE UP. Search Stop Time: 1626189192717

  phantomjs://platform/console++.js:263 in error
[ERROR - 2021-07-13T15:13:13.550Z] WebElementLocator - _handleLocateCommand - Element(s) NOT Found: GAVE UP. Search Stop Time: 1626189193533

  phantomjs://platform/console++.js:263 in error
[ERROR - 2021-07-13T15:13:14.039Z] WebElementLocator - _handleLocateCommand - Element(s) NOT Found: GAVE UP. Search Stop Time: 1626189194025

  phantomjs://platform/console++.js:263 in error
[ERROR - 2021-07-13T15:13:14.515Z] WebElementLocator - _handleLocateCommand - Element(s) NOT Found: GAVE UP. Search Stop Time: 1626189194502

  phantomjs://platform/console++.js:263 in error
[ERROR - 2021-07-13T15:13:15.035Z] WebElementLocator - _handleLocateCommand - Element(s) NOT Found: GAVE UP. Search Stop Time: 1626189194976

  phantomjs://platform/console++.js:263 in error
[ERROR - 2021-07-13T15:13:15.809Z] WebElementLocator - _handleLocateCommand - Element(s) NOT Found: GAVE UP. Search Stop Time: 1626189195767

  phantomjs://platform/console++.js:263 in error
[ERROR - 2021-07-13T15:13:16.600Z] WebElementLocator - _handleLocateCommand - Element(s) NOT Found: GAVE UP. Search Stop Time: 1626189196445

  phantomjs://platform/console++.js:263 in error
[INFO  - 2021-07-13T15:14:57.615Z] SessionManagerReqHand - _cleanupWindowlessSessions - Asynchronous Sessions clean-up phase starting NOW
[INFO  - 2021-07-13T15:19:57.633Z] SessionManagerReqHand - _cleanupWindowlessSessions - Asynchronous Sessions clean-up phase starting NOW
[INFO  - 2021-07-13T15:24:57.643Z] SessionManagerReqHand - _cleanupWindowlessSessions - Asynchronous Sessions clean-up phase starting NOW
[INFO  - 2021-07-13T15:29:57.651Z] SessionManagerReqHand - _cleanupWindowlessSessions - Asynchronous Sessions clean-up phase starting NOW
[INFO  - 2021-07-13T15:31:34.908Z] SessionManagerReqHand - _cleanupWindowlessSessions - Asynchronous Sessions clean-up phase starting NOW
